<?xml version="1.0" encoding="UTF-8"?>
<!-- Generated by org.testng.reporters.JUnitXMLReporter -->
<testsuite hostname="logesh" ignored="1" name="Default test" tests="4" failures="0" timestamp="21 Sep 2021 12:39:10 GMT" time="3.829" errors="0">
  <testcase name="addContact" time="2.101" classname="contactListApi.PositiveTests"/>
  <testcase name="getcontact" time="0.599" classname="contactListApi.PositiveTests"/>
  <testcase name="putcontact" time="0.569" classname="contactListApi.PositiveTests"/>
  <testcase name="deletecontact" time="0.537" classname="contactListApi.PositiveTests"/>
  <testcase name="gettingAllContact" time="0.0" classname="contactListApi.PositiveTests">
    <ignored/>
  </testcase> <!-- gettingAllContact -->
</testsuite> <!-- Default test -->
